{"C:\\Users\\Jafferi's\\Documents\\GitHub\\To-do-list\\src\\modules\\functions.js": {"path":"C:\\Users\\Jafferi's\\Documents\\GitHub\\To-do-list\\src\\modules\\functions.js","all":false,"statementMap":{"0":{"start":{"line":1,"column":0},"end":{"line":1,"column":37}},"1":{"start":{"line":2,"column":0},"end":{"line":2,"column":41}},"2":{"start":{"line":3,"column":0},"end":{"line":3,"column":16}},"3":{"start":{"line":4,"column":0},"end":{"line":4,"column":33}},"4":{"start":{"line":5,"column":0},"end":{"line":5,"column":21}},"5":{"start":{"line":6,"column":0},"end":{"line":6,"column":21}},"6":{"start":{"line":7,"column":0},"end":{"line":7,"column":4}},"7":{"start":{"line":8,"column":0},"end":{"line":8,"column":19}},"8":{"start":{"line":9,"column":0},"end":{"line":9,"column":2}},"9":{"start":{"line":10,"column":0},"end":{"line":10,"column":0}},"10":{"start":{"line":11,"column":0},"end":{"line":11,"column":51}},"11":{"start":{"line":12,"column":0},"end":{"line":12,"column":35}},"12":{"start":{"line":13,"column":0},"end":{"line":13,"column":66}},"13":{"start":{"line":14,"column":0},"end":{"line":14,"column":24}},"14":{"start":{"line":15,"column":0},"end":{"line":15,"column":31}},"15":{"start":{"line":16,"column":0},"end":{"line":16,"column":3}},"16":{"start":{"line":17,"column":0},"end":{"line":17,"column":2}},"17":{"start":{"line":18,"column":0},"end":{"line":18,"column":0}},"18":{"start":{"line":19,"column":0},"end":{"line":19,"column":18}},"19":{"start":{"line":20,"column":0},"end":{"line":20,"column":10}},"20":{"start":{"line":21,"column":0},"end":{"line":21,"column":13}},"21":{"start":{"line":22,"column":0},"end":{"line":22,"column":2}}},"s":{"0":1,"1":1,"2":1,"3":1,"4":1,"5":1,"6":1,"7":1,"8":1,"9":1,"10":1,"11":2,"12":2,"13":2,"14":2,"15":2,"16":1,"17":1,"18":1,"19":1,"20":1,"21":1},"branchMap":{"0":{"type":"branch","line":2,"loc":{"start":{"line":2,"column":0},"end":{"line":9,"column":1}},"locations":[{"start":{"line":2,"column":0},"end":{"line":9,"column":1}}]},"1":{"type":"branch","line":12,"loc":{"start":{"line":12,"column":0},"end":{"line":17,"column":1}},"locations":[{"start":{"line":12,"column":0},"end":{"line":17,"column":1}}]},"2":{"type":"branch","line":13,"loc":{"start":{"line":13,"column":37},"end":{"line":13,"column":64}},"locations":[{"start":{"line":13,"column":37},"end":{"line":13,"column":64}}]}},"b":{"0":[1],"1":[2],"2":[4]},"fnMap":{"0":{"name":"addTask","decl":{"start":{"line":2,"column":0},"end":{"line":9,"column":1}},"loc":{"start":{"line":2,"column":0},"end":{"line":9,"column":1}},"line":2},"1":{"name":"removeTask","decl":{"start":{"line":12,"column":0},"end":{"line":17,"column":1}},"loc":{"start":{"line":12,"column":0},"end":{"line":17,"column":1}},"line":12}},"f":{"0":1,"1":2}}
}
