TN:
SF:src\modules\functions.js
FN:2,addTask
FN:12,removeTask
FN:20,editTaskDescription
FN:28,updateTaskStatus
FN:36,clearCompletedTasks
FNF:5
FNH:5
FNDA:1,addTask
FNDA:2,removeTask
FNDA:2,editTaskDescription
FNDA:3,updateTaskStatus
FNDA:1,clearCompletedTasks
DA:1,1
DA:2,1
DA:3,1
DA:4,1
DA:5,1
DA:6,1
DA:7,1
DA:8,1
DA:9,1
DA:10,1
DA:11,1
DA:12,2
DA:13,2
DA:14,2
DA:15,1
DA:16,1
DA:17,2
DA:18,1
DA:19,1
DA:20,2
DA:21,2
DA:22,2
DA:23,1
DA:24,1
DA:25,2
DA:26,1
DA:27,1
DA:28,3
DA:29,3
DA:30,3
DA:31,2
DA:32,2
DA:33,3
DA:34,1
DA:35,1
DA:36,1
DA:37,1
DA:38,1
DA:39,1
DA:40,1
DA:41,1
DA:42,1
DA:43,1
DA:44,1
DA:45,1
DA:46,1
LF:46
LH:46
BRDA:2,0,0,1
BRDA:12,1,0,2
BRDA:14,2,0,1
BRDA:13,3,0,5
BRDA:20,4,0,2
BRDA:22,5,0,1
BRDA:21,6,0,5
BRDA:28,7,0,3
BRDA:30,8,0,2
BRDA:29,9,0,6
BRDA:36,10,0,1
BRDA:37,11,0,3
BRF:12
BRH:12
end_of_record
