TN:
SF:src\modules\functions.js
FN:2,editTaskDescription
FN:14,updateTaskStatus
FN:26,clearCompletedTasks
FNF:3
FNH:3
FNDA:2,editTaskDescription
FNDA:2,updateTaskStatus
FNDA:1,clearCompletedTasks
DA:1,1
DA:2,2
DA:3,2
DA:4,2
DA:5,2
DA:6,1
DA:7,1
DA:8,1
DA:9,1
DA:10,1
DA:11,1
DA:12,1
DA:13,1
DA:14,2
DA:15,2
DA:16,2
DA:17,2
DA:18,1
DA:19,1
DA:20,1
DA:21,1
DA:22,1
DA:23,1
DA:24,1
DA:25,1
DA:26,1
DA:27,1
DA:28,1
DA:29,1
DA:30,1
DA:31,1
DA:32,1
DA:33,1
DA:34,1
DA:35,1
DA:36,1
LF:36
LH:36
BRDA:2,0,0,2
BRDA:3,1,0,1
BRDA:5,2,0,1
BRDA:4,3,0,1
BRDA:14,4,0,2
BRDA:15,5,0,1
BRDA:17,6,0,1
BRDA:16,7,0,1
BRDA:26,8,0,1
BRDA:27,9,0,0
BRDA:28,10,0,4
BRF:11
BRH:10
end_of_record
